AEO FB bulk-update — LIVE
  limit:  100 (latest)
======================================================================
Fetching FB posts...
  found 90 posts
  prior completed=1 skipped=0 errored=1
======================================================================
  [  1/89] 2026-04-27 601690023018873_122181026312785084
           https://www.facebook.com/122181036062785084/posts/122181026312785084
           SKIP    (no message — likely story-only post)
  [  2/89] 2026-04-27 601690023018873_122180923946785084
           https://www.facebook.com/reel/1142593328000736/
           current: Day 31. 607 miles in. He’s still walking. 🙏🏾  This is t
           VERIFIED
  [  3/89] 2026-04-13 601690023018873_122179340012785084
           https://www.facebook.com/reel/927472493518278/
           current: THEY TOOK OUR NAME. OUR LANGUAGE. OUR LAND.  But they c
           VERIFIED
  [  4/89] 2026-04-13 601690023018873_122179323044785084
           https://www.facebook.com/reel/931378249867431/
           current: THEY TOOK OUR NAME. OUR LANGUAGE. OUR LAND.  But they c
           VERIFIED
  [  5/89] 2026-04-12 601690023018873_122179229456785084
           https://www.facebook.com/reel/4429369464057589/
           current: THEY TOOK OUR NAME. OUR LANGUAGE. OUR LAND.  But they c
           VERIFIED
  [  6/89] 2026-04-12 601690023018873_122179215422785084
           https://www.facebook.com/reel/1509862913987041/
           current: THEY TOOK OUR NAME. OUR LANGUAGE. OUR LAND.  But they c
           VERIFIED
  [  7/89] 2026-04-11 601690023018873_122179113512785084
           https://www.facebook.com/reel/1483144066602052/
           current: THEY TOOK OUR NAME. OUR LANGUAGE. OUR LAND.  But they c
           VERIFIED
  [  8/89] 2026-04-11 601690023018873_122179100012785084
           https://www.facebook.com/reel/930752616250822/
           current: THEY TOOK OUR NAME. OUR LANGUAGE. OUR LAND.  But they c
           VERIFIED
  [  9/89] 2026-04-10 601690023018873_122179006418785084
           https://www.facebook.com/reel/839203892527697/
           current: THEY TOOK OUR NAME. OUR LANGUAGE. OUR LAND.  But they c
           VERIFIED
  [ 10/89] 2026-04-10 601690023018873_122178982202785084
           https://www.facebook.com/reel/969453129071968/
           current: THEY TOOK OUR NAME. OUR LANGUAGE. OUR LAND.  But they c
           VERIFIED
  [ 11/89] 2026-04-09 601690023018873_122178889844785084
           https://www.facebook.com/reel/951721464486012/
           current: THEY TOOK OUR NAME. OUR LANGUAGE. OUR LAND.  But they c
           VERIFIED
  [ 12/89] 2026-04-09 601690023018873_122178878240785084
           https://www.facebook.com/reel/1261759605560114/
           current: THEY TOOK OUR NAME. OUR LANGUAGE. OUR LAND.  But they c
           VERIFIED
  [ 13/89] 2026-04-08 601690023018873_122178773702785084
           https://www.facebook.com/reel/1939159346702081/
           current: THEY TOOK OUR NAME. OUR LANGUAGE. OUR LAND.  But they c
           VERIFIED
  [ 14/89] 2026-04-08 601690023018873_122178753134785084
           https://www.facebook.com/reel/4082221812075952/
           current: THEY TOOK OUR NAME. OUR LANGUAGE. OUR LAND.  But they c
           VERIFIED
  [ 15/89] 2026-04-07 601690023018873_122178634088785084
           https://www.facebook.com/reel/1519457849831187/
           current: THEY TOOK OUR NAME. OUR LANGUAGE. OUR LAND.  But they c
           VERIFIED
  [ 16/89] 2026-04-07 601690023018873_122178559430785084
           https://www.facebook.com/reel/26305196845815963/
           current: THEY TOOK OUR NAME. OUR LANGUAGE. OUR LAND.  But they c
           VERIFIED
  [ 17/89] 2026-04-07 601690023018873_122178528344785084
           https://www.facebook.com/reel/2159688108167055/
           current: THEY TOOK OUR NAME. OUR LANGUAGE. OUR LAND.  But they c
           VERIFIED
  [ 18/89] 2026-04-06 601690023018873_122178508202785084
           https://www.facebook.com/reel/1617534172915478/
           current: THEY TOOK OUR NAME. OUR LANGUAGE. OUR LAND.  But they c
           VERIFIED
  [ 19/89] 2026-04-06 601690023018873_122178502658785084
           https://www.facebook.com/reel/1601999530911169/
           current: THEY TOOK OUR NAME. OUR LANGUAGE. OUR LAND.  But they c
           VERIFIED
  [ 20/89] 2026-04-06 601690023018873_122178454208785084
           https://www.facebook.com/reel/1904006267147674/
           current: THEY TOOK OUR NAME. OUR LANGUAGE. OUR LAND.  But they c
           VERIFIED
  [ 21/89] 2026-04-06 601690023018873_122178426512785084
           https://www.facebook.com/reel/2904699733211829/
           current: THEY TOOK OUR NAME. OUR LANGUAGE. OUR LAND.  But they c
           VERIFIED
  [ 22/89] 2026-04-05 601690023018873_122178383900785084
           https://www.facebook.com/reel/1492470942226939/
           current: THEY TOOK OUR NAME. OUR LANGUAGE. OUR LAND.  But they c
           VERIFIED
  [ 23/89] 2026-04-05 601690023018873_122178367472785084
           https://www.facebook.com/reel/1275227094582670/
           current: THEY TOOK OUR NAME. OUR LANGUAGE. OUR LAND.  But they c
           VERIFIED
  [ 24/89] 2026-04-05 601690023018873_122178355634785084
           https://www.facebook.com/reel/2749602902043481/
           current: THEY TOOK OUR NAME. OUR LANGUAGE. OUR LAND.  But they c
           VERIFIED
  [ 25/89] 2026-04-05 601690023018873_122178322358785084
           https://www.facebook.com/reel/956546533567686/
           current: THEY TOOK OUR NAME. OUR LANGUAGE. OUR LAND.  But they c
           VERIFIED
  [ 26/89] 2026-04-05 601690023018873_122178286532785084
           https://www.facebook.com/reel/2024740611408851/
           current: THEY TOOK OUR NAME. OUR LANGUAGE. OUR LAND.  But they c
           VERIFIED
  [ 27/89] 2026-04-04 601690023018873_122178186134785084
           https://www.facebook.com/122181036062785084/posts/122178186134785084
           SKIP    (no message — likely story-only post)
  [ 28/89] 2026-04-03 601690023018873_122178089402785084
           https://www.facebook.com/reel/1850949552528628/
           current: THEY TOOK OUR NAME. OUR LANGUAGE. OUR LAND.  But they c
           VERIFIED
  [ 29/89] 2026-04-03 601690023018873_122178012416785084
           https://www.facebook.com/reel/1625153788717681/
           current: THEY TOOK OUR NAME. OUR LANGUAGE. OUR LAND.  But they c
           VERIFIED
  [ 30/89] 2026-04-03 601690023018873_122177948306785084
           https://www.facebook.com/reel/3424131271078594/
           current: THEY TOOK OUR NAME. OUR LANGUAGE. OUR LAND.  But they c
           VERIFIED
  [ 31/89] 2026-04-02 601690023018873_122177923562785084
           https://www.facebook.com/reel/1249762340700295/
           current: THEY TOOK OUR NAME. OUR LANGUAGE. OUR LAND.  But they c
           VERIFIED
  [ 32/89] 2026-04-02 601690023018873_122177923058785084
           https://www.facebook.com/reel/1574747833634123/
           current: THEY TOOK OUR NAME. OUR LANGUAGE. OUR LAND.  But they c
           VERIFIED
  [ 33/89] 2026-04-01 601690023018873_122177793140785084
           https://www.facebook.com/reel/1767758097941862/
           current: fRk9iZuzJntGQnbkoYs2Q_output
           VERIFIED
  [ 34/89] 2026-04-01 601690023018873_122177788442785084
           https://www.facebook.com/122181036062785084/posts/122177788442785084
           current: EVERYTHING HAPPENING RIGHT NOW WAS WRITTEN.  The Most H
           VERIFIED
  [ 35/89] 2026-04-01 601690023018873_122177788310785084
           https://www.facebook.com/122181036062785084/posts/122177788310785084
           current: BEFORE THE FOUNDATIONS OF THE EARTH, YOUR NAME WAS WRIT
           VERIFIED
  [ 36/89] 2026-04-01 601690023018873_122177788298785084
           https://www.facebook.com/122181036062785084/posts/122177788298785084
           current: WHICH TRIBE DO YOU DESCEND FROM?  Drop it in the commen
           VERIFIED
  [ 37/89] 2026-04-01 601690023018873_122177788286785084
           https://www.facebook.com/122181036062785084/posts/122177788286785084
           current: EGYPT. BABYLON. ROME.  Every captivity in scripture end
           VERIFIED
  [ 38/89] 2026-04-01 601690023018873_122177788232785084
           https://www.facebook.com/122181036062785084/posts/122177788232785084
           current: THE REASON THEY CHANGED THE PICTURES IN YOUR BIBLE.  Th
           VERIFIED
  [ 39/89] 2026-04-01 601690023018873_122177788178785084
           https://www.facebook.com/122181036062785084/posts/122177788178785084
           current: THE 12 TRIBES OF ISRAEL ARE ALIVE TODAY.  Here is who t
           VERIFIED
  [ 40/89] 2026-04-01 601690023018873_122177788166785084
           https://www.facebook.com/122181036062785084/posts/122177788166785084
           current: EVERY PROPHECY IN DEUTERONOMY 28 HAS BEEN FULFILLED.  E
           VERIFIED
  [ 41/89] 2026-04-01 601690023018873_122177788124785084
           https://www.facebook.com/122181036062785084/posts/122177788124785084
           current: THEY TOOK OUR NAME. THEY TOOK OUR LANGUAGE. THEY TOOK O
           VERIFIED
  [ 42/89] 2026-04-01 601690023018873_122177788082785084
           https://www.facebook.com/122181036062785084/posts/122177788082785084
           current: THEY TOOK OUR NAME. THEY TOOK OUR LANGUAGE. THEY TOOK O
           VERIFIED
  [ 43/89] 2026-04-01 601690023018873_122177784158785084
           https://www.facebook.com/122181036062785084/posts/122177784158785084
           current: THEY TOOK OUR NAME. THEY TOOK OUR LANGUAGE. THEY TOOK O
           VERIFIED
  [ 44/89] 2026-04-01 601690023018873_122177757452785084
           https://www.facebook.com/reel/1260715116198017/
           current: jjuB2JiAexuTket2CDptj_output
           VERIFIED
  [ 45/89] 2026-03-31 601690023018873_122177664770785084
           https://www.facebook.com/reel/2187646348644558/
           current: jZNxKqeWC6_UbQnc35ez0_output
           VERIFIED
  [ 46/89] 2026-03-31 601690023018873_122177625002785084
           https://www.facebook.com/reel/1985390552078695/
           current: kxuJO9ImXKvABv0oPjO8E_output
           VERIFIED
  [ 47/89] 2026-03-30 601690023018873_122177529404785084
           https://www.facebook.com/reel/1430029028923680/
           current: 1abf769879d41f3d80c481b315915365_1771947927
           VERIFIED
  [ 48/89] 2026-03-30 601690023018873_122177495504785084
           https://www.facebook.com/reel/4397263397087114/
           current: 57f1e50c0263e5cdbf0240d377d87357_1771951584
           VERIFIED
  [ 49/89] 2026-01-25 601690023018873_122169992072785084
           https://www.facebook.com/reel/1927337121211181/
           current: another test
           VERIFIED
  [ 50/89] 2026-01-24 601690023018873_122169970664785084
           https://www.facebook.com/reel/1522182535537279/
           current: this is a test.
           VERIFIED
  [ 51/89] 2026-01-24 601690023018873_122169960500785084
           https://www.facebook.com/reel/1414617737123706/
           current: another, test!
           VERIFIED
  [ 52/89] 2026-01-24 601690023018873_122169928508785084
           https://www.facebook.com/reel/1927666934624831/
           current: this is another test 2!
           VERIFIED
  [ 53/89] 2026-01-20 601690023018873_122169548348785084
           https://www.facebook.com/reel/1397382122029864/
           current: this is another test!
           VERIFIED
  [ 54/89] 2026-01-17 601690023018873_122169258476785084
           https://www.facebook.com/reel/1163001432573446/
           current: test!
           VERIFIED
  [ 55/89] 2025-12-26 601690023018873_122166700148785084
           https://www.facebook.com/reel/1402121274820390/
           current: 1 Maccabees Chapter 1 Verse 45
           VERIFIED
  [ 56/89] 2025-12-21 601690023018873_122166204398785084
           https://www.facebook.com/reel/1889659451902158/
           current: #intheplan
           VERIFIED
  [ 57/89] 2025-12-21 601690023018873_122166199124785084
           https://www.facebook.com/reel/1519917022625192/
           current: #intheplan
           VERIFIED
  [ 58/89] 2025-12-18 601690023018873_122165843378785084
           https://www.facebook.com/reel/683614494685214/
           current: Test 1
           VERIFIED
  [ 59/89] 2025-12-15 601690023018873_122165465132785084
           https://www.facebook.com/reel/1490330325375721/
           SKIP    (no message — likely story-only post)
  [ 60/89] 2025-12-15 601690023018873_122165419292785084
           https://www.facebook.com/reel/1260482212588748/
           current: 1 Maccabees Chapter 1 Verse 13-15
           VERIFIED
  [ 61/89] 2025-12-14 601690023018873_122165407274785084
           https://www.facebook.com/reel/26017909147794880/
           current: 1 Maccabees Chapter 1 Verse 34
           VERIFIED
  [ 62/89] 2025-12-14 601690023018873_122165401766785084
           https://www.facebook.com/reel/2047059546066408/
           current: 1 Maccabees Chapter 1 Verse 37
           VERIFIED
  [ 63/89] 2025-12-14 601690023018873_122165369858785084
           https://www.facebook.com/reel/1470940804725035/
           current: 1 Maccabees Chapter 1 Verse 24
           VERIFIED
  [ 64/89] 2025-12-07 601690023018873_122164470188785084
           https://www.facebook.com/reel/1390261735782177/
           current: this is a test!
           VERIFIED
  [ 65/89] 2025-12-06 601690023018873_122164442408785084
           https://www.facebook.com/reel/1963673991195592/
           current: this is just a test!
           VERIFIED
  [ 66/89] 2025-05-25 601690023018873_122135797370785084
           https://www.facebook.com/122181036062785084/posts/122135797370785084
           current: Shalom Family, the wait is OVER.  TONIGHT at 8:00 PM ES
           VERIFIED
  [ 67/89] 2025-05-01 601690023018873_122130760406785084
           https://www.facebook.com/122181036062785084/posts/122130760406785084
           SKIP    (no message — likely story-only post)
  [ 68/89] 2025-05-01 601690023018873_122130758594785084
           https://www.facebook.com/122181036062785084/posts/122130758594785084
           SKIP    (no message — likely story-only post)
  [ 69/89] 2025-05-01 601690023018873_122130686876785084
           https://www.facebook.com/122181036062785084/posts/122130686876785084
           SKIP    (no message — likely story-only post)
  [ 70/89] 2025-05-01 601690023018873_122130681614785084
           https://www.facebook.com/122181036062785084/posts/122130681614785084
           SKIP    (no message — likely story-only post)
  [ 71/89] 2025-05-01 601690023018873_122130680846785084
           https://www.facebook.com/122181036062785084/posts/122130680846785084
           SKIP    (no message — likely story-only post)
  [ 72/89] 2025-05-01 601690023018873_122130680696785084
           https://www.facebook.com/122181036062785084/posts/122130680696785084
           SKIP    (no message — likely story-only post)
  [ 73/89] 2025-05-01 601690023018873_122130680510785084
           https://www.facebook.com/122181036062785084/posts/122130680510785084
           SKIP    (no message — likely story-only post)
  [ 74/89] 2025-05-01 601690023018873_122130680312785084
           https://www.facebook.com/122181036062785084/posts/122130680312785084
           SKIP    (no message — likely story-only post)
  [ 75/89] 2025-05-01 601690023018873_122130679988785084
           https://www.facebook.com/122181036062785084/posts/122130679988785084
           SKIP    (no message — likely story-only post)
  [ 76/89] 2025-05-01 601690023018873_122130679820785084
           https://www.facebook.com/122181036062785084/posts/122130679820785084
           SKIP    (no message — likely story-only post)
  [ 77/89] 2025-05-01 601690023018873_122130679418785084
           https://www.facebook.com/122181036062785084/posts/122130679418785084
           SKIP    (no message — likely story-only post)
  [ 78/89] 2025-05-01 601690023018873_122130677324785084
           https://www.facebook.com/122181036062785084/posts/122130677324785084
           SKIP    (no message — likely story-only post)
  [ 79/89] 2025-05-01 601690023018873_122130677030785084
           https://www.facebook.com/122181036062785084/posts/122130677030785084
           SKIP    (no message — likely story-only post)
  [ 80/89] 2025-05-01 601690023018873_1338528774112281
           https://www.facebook.com/events/1338528774112281/
           SKIP    (no message — likely story-only post)
  [ 81/89] 2025-05-01 601690023018873_122130554456785084
           https://www.facebook.com/122181036062785084/posts/122130554456785084
           SKIP    (no message — likely story-only post)
  [ 82/89] 2025-05-01 601690023018873_122130554390785084
           https://www.facebook.com/122181036062785084/posts/122130554390785084
           SKIP    (no message — likely story-only post)
  [ 83/89] 2025-05-01 601690023018873_122130554288785084
           https://www.facebook.com/122181036062785084/posts/122130554288785084
           SKIP    (no message — likely story-only post)
  [ 84/89] 2025-05-01 601690023018873_122130554198785084
           https://www.facebook.com/122181036062785084/posts/122130554198785084
           SKIP    (no message — likely story-only post)
  [ 85/89] 2025-04-11 601690023018873_122125432118785084
           https://www.facebook.com/122181036062785084/posts/122125432118785084
           SKIP    (no message — likely story-only post)
  [ 86/89] 2025-03-10 601690023018873_122112836678785084
           https://www.facebook.com/122181036062785084/posts/122112836678785084
           current: 😭😭🫣🫣🫣🫣🫣
           ERR: {"message": "(#100) Failed to edit object", "type": "OAuthException", "code": 100, "fbtrace_id": "AoSYgPfkNBLYaw5oZalX1cn"}
  [ 87/89] 2025-02-20 601690023018873_122095505762785084
           https://www.facebook.com/122181036062785084/posts/122095505762785084
           current: Hello World. All Praises to the MOST HIGH For another d
           VERIFIED
  [ 88/89] 2025-02-20 601690023018873_1985327315286848
           https://www.facebook.com/122181036062785084/posts/1985327315286848?substory_index=1985327315286848
           SKIP    (no message — likely story-only post)
  [ 89/89] 2025-02-20 601690023018873_122095503470785084
           https://www.facebook.com/122181036062785084/posts/122095503470785084?substory_index=1774156666486143
           SKIP    (no message — likely story-only post)
======================================================================
Run summary:
  Completed (cumulative): 65
  Skipped:                24
  Errored:                2
