AEO IG comment-pin — LIVE
  limit:  50 (latest)
  pin:    YES
======================================================================
Fetching IG media...
  found 563 posts
  prior completed=256 skipped=0 errored=0
======================================================================
  [  1/50] 2023-01-29 [IMAGE] 17983988242856397
           https://www.instagram.com/p/Cn-tP2jpcq3/
           POSTED   comment_id=18265905421288561
           PINNED
           VERIFIED
  [  2/50] 2023-01-27 [IMAGE] 17963242358204286
           https://www.instagram.com/p/Cn71Uu8J63J/
           POSTED   comment_id=18051243548737840
           PINNED
           VERIFIED
  [  3/50] 2023-01-27 [IMAGE] 17939718698468479
           https://www.instagram.com/p/Cn7Qjk0Ogca/
           POSTED   comment_id=18014850290844571
           PINNED
           VERIFIED
  [  4/50] 2023-01-27 [IMAGE] 17971963327934463
           https://www.instagram.com/p/Cn684rIOTo6/
           POSTED   comment_id=17860614828582600
           PINNED
           VERIFIED
  [  5/50] 2023-01-26 [IMAGE] 17955359162202023
           https://www.instagram.com/p/Cn4quqwukhE/
           POSTED   comment_id=17859815100687659
           PINNED
           VERIFIED
  [  6/50] 2023-01-26 [IMAGE] 17983023190871504
           https://www.instagram.com/p/Cn4qkqRujvC/
           POSTED   comment_id=18067245002690154
           PINNED
           VERIFIED
  [  7/50] 2023-01-26 [CAROUSEL_ALBUM] 18342214165029955
           https://www.instagram.com/p/Cn4qdG7u31c/
           POSTED   comment_id=17986108106806409
           PINNED
           VERIFIED
  [  8/50] 2023-01-25 [IMAGE] 17867444567798325
           https://www.instagram.com/p/Cn2SS15Jm44/
           POSTED   comment_id=18065601503365233
           PINNED
           VERIFIED
  [  9/50] 2023-01-25 [IMAGE] 18344686450057168
           https://www.instagram.com/p/Cn2SGh9JalP/
           POSTED   comment_id=18210179386334861
           PINNED
           VERIFIED
  [ 10/50] 2023-01-24 [IMAGE] 17940728309545483
           https://www.instagram.com/p/Cn0CMeMJ5SX/
           POSTED   comment_id=17900761566424179
           PINNED
           VERIFIED
  [ 11/50] 2023-01-24 [VIDEO] 18050969761388130
           https://www.instagram.com/reel/CnzQhirj8qM/
           POSTED   comment_id=18060385295702551
           PINNED
           VERIFIED
  [ 12/50] 2023-01-24 [IMAGE] 17848847546901417
           https://www.instagram.com/p/CnzMdu6OtXW/
           POSTED   comment_id=18327602329301691
           PINNED
           VERIFIED
  [ 13/50] 2023-01-24 [IMAGE] 17979025591822961
           https://www.instagram.com/p/CnzMY4AuntN/
           POSTED   comment_id=18080587643419728
           PINNED
           VERIFIED
  [ 14/50] 2023-01-23 [IMAGE] 17843092550931304
           https://www.instagram.com/p/CnxQ9Cpp8am/
           POSTED   comment_id=17898588843439150
           PINNED
           VERIFIED
  [ 15/50] 2023-01-23 [IMAGE] 17979065029902566
           https://www.instagram.com/p/CnxE7BPpsry/
           POSTED   comment_id=17989966490795353
           PINNED
           VERIFIED
  [ 16/50] 2023-01-23 [IMAGE] 18193775380221579
           https://www.instagram.com/p/Cnw7oFsOTlX/
           POSTED   comment_id=18092228381227811
           PINNED
           VERIFIED
  [ 17/50] 2023-01-22 [IMAGE] 17969882966116430
           https://www.instagram.com/p/Cnu4-oYp1g_/
           POSTED   comment_id=18075244328239506
           PINNED
           VERIFIED
  [ 18/50] 2023-01-22 [IMAGE] 18239014537155369
           https://www.instagram.com/p/CnuVizTOM2s/
           POSTED   comment_id=18093223618902608
           PINNED
           VERIFIED
  [ 19/50] 2023-01-22 [IMAGE] 17990358826738611
           https://www.instagram.com/p/Cnsm5ccpfdZ/
           POSTED   comment_id=18087704189607504
           PINNED
           VERIFIED
  [ 20/50] 2023-01-22 [IMAGE] 18091102933310829
           https://www.instagram.com/p/Cnsm1sTJa_d/
           POSTED   comment_id=18583011970034699
           PINNED
           VERIFIED
  [ 21/50] 2023-01-21 [IMAGE] 17972501630059417
           https://www.instagram.com/p/CnskGcfJuXm/
           POSTED   comment_id=18101594323789439
           PINNED
           VERIFIED
  [ 22/50] 2023-01-21 [IMAGE] 18248971009178435
           https://www.instagram.com/p/CnskA53pTMw/
           POSTED   comment_id=18096343676164902
           PINNED
           VERIFIED
  [ 23/50] 2023-01-20 [IMAGE] 17967195500135578
           https://www.instagram.com/p/CnpWck2Jp4F/
           POSTED   comment_id=18010303103852691
           PINNED
           VERIFIED
  [ 24/50] 2023-01-20 [IMAGE] 17940803891586626
           https://www.instagram.com/p/CnpVCVfpe2Q/
           POSTED   comment_id=18066489692694956
           PINNED
           VERIFIED
  [ 25/50] 2023-01-20 [IMAGE] 17953660382375778
           https://www.instagram.com/p/Cnnf7GGJPI5/
           POSTED   comment_id=17907722010225622
           PINNED
           VERIFIED
  [ 26/50] 2023-01-19 [IMAGE] 18340185811046986
           https://www.instagram.com/p/CnnOtdvJcIY/
           POSTED   comment_id=18093857596914980
           PINNED
           VERIFIED
  [ 27/50] 2023-01-19 [IMAGE] 17956690031178415
           https://www.instagram.com/p/CnmyoFFpRDs/
           POSTED   comment_id=18136931446535797
           PINNED
           VERIFIED
  [ 28/50] 2023-01-19 [IMAGE] 17939660246443618
           https://www.instagram.com/p/CnmtpIOJdOM/
           POSTED   comment_id=18172797703406824
           PINNED
           VERIFIED
  [ 29/50] 2023-01-18 [IMAGE] 17920545044569325
           https://www.instagram.com/p/Cnkrj8vp0je/
           POSTED   comment_id=18079865555147580
           PINNED
           VERIFIED
  [ 30/50] 2023-01-18 [VIDEO] 17971473670929123
           https://www.instagram.com/reel/CnkPGaMjTnp/
           POSTED   comment_id=17869409775611237
           PINNED
           VERIFIED
  [ 31/50] 2023-01-18 [IMAGE] 17974128394881102
           https://www.instagram.com/p/CnkLC28pw5D/
           POSTED   comment_id=18168885577423131
           PINNED
           VERIFIED
  [ 32/50] 2023-01-18 [IMAGE] 17894005406751681
           https://www.instagram.com/p/CnkIxAWJzuc/
           POSTED   comment_id=18202988017353002
           PINNED
           VERIFIED
  [ 33/50] 2023-01-17 [IMAGE] 18173790787251352
           https://www.instagram.com/p/CniElJoJxpd/
           POSTED   comment_id=18334904311218249
           PINNED
           VERIFIED
  [ 34/50] 2023-01-17 [VIDEO] 18016441009494656
           https://www.instagram.com/reel/CnhZa3QB35K/
           POSTED   comment_id=17884882281540236
           PINNED
           VERIFIED
  [ 35/50] 2023-01-17 [IMAGE] 17982593179740474
           https://www.instagram.com/p/CnhZVMtOUbB/
           POSTED   comment_id=17959404113942816
           PINNED
           VERIFIED
  [ 36/50] 2023-01-17 [IMAGE] 17941170989582635
           https://www.instagram.com/p/Cnf0hVCJolC/
           POSTED   comment_id=18083719172093026
           PINNED
           VERIFIED
  [ 37/50] 2023-01-16 [IMAGE] 17954026262200875
           https://www.instagram.com/p/CnfOImNp-eR/
           POSTED   comment_id=18094227356125667
           PINNED
           VERIFIED
  [ 38/50] 2023-01-16 [IMAGE] 18016052494458794
           https://www.instagram.com/p/Cne4ehOu8Ws/
           POSTED   comment_id=18097665452325776
           PINNED
           VERIFIED
  [ 39/50] 2023-01-16 [IMAGE] 17858905409870115
           https://www.instagram.com/p/CndQanXJP1F/
           POSTED   comment_id=17876154588454303
           PINNED
           VERIFIED
  [ 40/50] 2023-01-16 [IMAGE] 17947133690322412
           https://www.instagram.com/p/CndQT-gpPoX/
           POSTED   comment_id=18112216393842618
           PINNED
           VERIFIED
  [ 41/50] 2023-01-15 [IMAGE] 18013788580465725
           https://www.instagram.com/p/CncNFVcOtT9/
           POSTED   comment_id=18556270543067457
           PINNED
           VERIFIED
  [ 42/50] 2023-01-15 [VIDEO] 17988675070631556
           https://www.instagram.com/reel/CncKWfrhsn5/
           POSTED   comment_id=18004324346734153
           PINNED
           VERIFIED
  [ 43/50] 2023-01-14 [IMAGE] 18200670325209756
           https://www.instagram.com/p/CnahJvkpumN/
           POSTED   comment_id=18095757707329408
           PINNED
           VERIFIED
  [ 44/50] 2023-01-14 [IMAGE] 17887244357771679
           https://www.instagram.com/p/Cnag2xmJ-qL/
           POSTED   comment_id=18094277657148573
           PINNED
           VERIFIED
  [ 45/50] 2023-01-14 [IMAGE] 18232320454095404
           https://www.instagram.com/p/Cnagt4vpg1i/
           POSTED   comment_id=18090870197264613
           PINNED
           VERIFIED
  [ 46/50] 2023-01-13 [IMAGE] 17973017239880298
           https://www.instagram.com/p/CnXht3oJwD7/
           POSTED   comment_id=17924940186292285
           PINNED
           VERIFIED
  [ 47/50] 2023-01-13 [IMAGE] 17958871361507978
           https://www.instagram.com/p/CnXhoQ2p74K/
           POSTED   comment_id=17951539017137182
           PINNED
           VERIFIED
  [ 48/50] 2023-01-13 [IMAGE] 17946860525325652
           https://www.instagram.com/p/CnXhkfLJa9Y/
           POSTED   comment_id=17895349170310437
           PINNED
           VERIFIED
  [ 49/50] 2023-01-12 [IMAGE] 18044299081391957
           https://www.instagram.com/p/CnVXlOQJCDL/
           POSTED   comment_id=17944041468178062
           PINNED
           VERIFIED
  [ 50/50] 2023-01-12 [IMAGE] 17958958427331945
           https://www.instagram.com/p/CnUlwNdO9XB/
           POSTED   comment_id=17927819646094147
           PINNED
           VERIFIED
======================================================================
Run summary:
  Completed (cumulative): 306
  Skipped:                0
  Errored:                0
